<?xml version="1.0" encoding="UTF-8"?>
<testng-results ignored="0" total="1" passed="1" failed="0" skipped="0">
  <reporter-output>
  </reporter-output>
  <suite started-at="2022-05-07T18:51:45 IST" name="Default suite" finished-at="2022-05-07T18:52:42 IST" duration-ms="57313">
    <groups>
    </groups>
    <test started-at="2022-05-07T18:51:45 IST" name="Default test" finished-at="2022-05-07T18:52:42 IST" duration-ms="57313">
      <class name="com.framework.keyword.FrameworkTestCases">
        <test-method signature="demoTest()[pri:0, instance:com.framework.keyword.FrameworkTestCases@d29f28]" started-at="2022-05-07T18:51:45 IST" name="demoTest" finished-at="2022-05-07T18:52:42 IST" duration-ms="57265" status="PASS">
          <reporter-output>
          </reporter-output>
        </test-method> <!-- demoTest -->
      </class> <!-- com.framework.keyword.FrameworkTestCases -->
    </test> <!-- Default test -->
  </suite> <!-- Default suite -->
</testng-results>
